SF:lib\main.dart
DA:8,0
DA:9,0
DA:13,0
DA:14,0
DA:16,0
DA:18,0
DA:19,0
DA:21,0
DA:22,0
LF:9
LH:0
end_of_record
SF:lib\data\get_controllers.dart
DA:7,0
DA:8,0
DA:9,0
DA:10,0
DA:11,0
LF:5
LH:0
end_of_record
SF:lib\data\routing\get_pages.dart
DA:7,0
LF:1
LH:0
end_of_record
SF:lib\views\add_notes\add_notes_page.dart
DA:7,0
DA:9,0
DA:10,0
DA:11,0
DA:13,0
DA:14,0
DA:15,0
LF:7
LH:0
end_of_record
SF:lib\views\home\home_page.dart
DA:7,0
DA:9,0
DA:10,0
DA:11,0
DA:13,0
DA:14,0
DA:15,0
LF:7
LH:0
end_of_record
SF:lib\views\login\login_page.dart
DA:7,0
DA:9,0
DA:10,0
DA:11,0
DA:13,0
DA:14,0
DA:15,0
LF:7
LH:0
end_of_record
SF:lib\views\register\register_page.dart
DA:12,0
DA:14,0
DA:15,0
DA:16,0
DA:18,0
DA:19,0
DA:20,0
LF:7
LH:0
end_of_record
